2023.06.18 11:28:48 INFO  Started: Metals version 0.11.12 in workspace 'D:\Campus\Year 2\Semester 1\Functional Programming\Tutorials\2' for client Visual Studio Code 1.79.2.
Jun 18, 2023 11:28:48 AM org.flywaydb.core.internal.license.VersionPrinter printVersionOnly
INFO: Flyway Community Edition 9.16.3 by Redgate
Jun 18, 2023 11:28:48 AM org.flywaydb.core.internal.license.VersionPrinter printVersion
INFO: See release notes here: https://rd.gt/416ObMi
Jun 18, 2023 11:28:48 AM org.flywaydb.core.internal.license.VersionPrinter printVersion
INFO: 
Jun 18, 2023 11:28:48 AM org.flywaydb.core.internal.database.base.BaseDatabaseType createDatabase
INFO: Database: jdbc:h2:file:D:\Campus\Year 2\Semester 1\Functional Programming\Tutorials\2\.metals\metals (H2 2.1)
Jun 18, 2023 11:28:49 AM org.flywaydb.core.internal.schemahistory.JdbcTableSchemaHistory allAppliedMigrations
INFO: Schema history table "PUBLIC"."flyway_schema_history" does not exist yet
Jun 18, 2023 11:28:49 AM org.flywaydb.core.internal.command.DbValidate validate
INFO: Successfully validated 4 migrations (execution time 00:00.018s)
Jun 18, 2023 11:28:49 AM org.flywaydb.core.internal.schemahistory.JdbcTableSchemaHistory create
INFO: Creating Schema History table "PUBLIC"."flyway_schema_history" ...
Jun 18, 2023 11:28:49 AM org.flywaydb.core.internal.command.DbMigrate migrateGroup
INFO: Current version of schema "PUBLIC": << Empty Schema >>
Jun 18, 2023 11:28:49 AM org.flywaydb.core.internal.command.DbMigrate doMigrateGroup
INFO: Migrating schema "PUBLIC" to version "1 - Create tables"
Jun 18, 2023 11:28:49 AM org.flywaydb.core.internal.command.DbMigrate doMigrateGroup
INFO: Migrating schema "PUBLIC" to version "2 - Server discovery"
Jun 18, 2023 11:28:49 AM org.flywaydb.core.internal.command.DbMigrate doMigrateGroup
INFO: Migrating schema "PUBLIC" to version "3 - Jar symbols"
Jun 18, 2023 11:28:49 AM org.flywaydb.core.internal.command.DbMigrate doMigrateGroup
INFO: Migrating schema "PUBLIC" to version "4 - Fingerprints"
Jun 18, 2023 11:28:49 AM org.flywaydb.core.internal.command.DbMigrate logSummary
INFO: Successfully applied 4 migrations to schema "PUBLIC", now at version v4 (execution time 00:00.048s)
2023.06.18 11:28:49 INFO  time: initialize in 0.59s
2023.06.18 11:28:53 INFO  no build target found for D:\Campus\Year 2\Semester 1\Functional Programming\Tutorials\2\main.scala. Using presentation compiler with project's scala-library version: 3.2.2
2023.06.18 11:28:54 WARN  Build server is not auto-connectable.
2023.06.18 11:28:54 WARN  no build tool detected in workspace 'D:\Campus\Year 2\Semester 1\Functional Programming\Tutorials\2'. The most common cause for this problem is that the editor was opened in the wrong working directory, for example if you use sbt then the workspace directory should contain build.sbt. 
2023.06.18 11:28:54 WARN  no build target for: D:\Campus\Year 2\Semester 1\Functional Programming\Tutorials\2\main.scala
2023.06.18 11:28:55 INFO  time: code lens generation in 1.74s
2023.06.18 11:29:12 WARN  no build target for: D:\Campus\Year 2\Semester 1\Functional Programming\Tutorials\2\main.scala
Jun 18, 2023 11:29:12 AM org.eclipse.lsp4j.jsonrpc.RemoteEndpoint handleCancellation
WARNING: Unmatched cancel notification for request id 55
2023.06.18 11:29:35 WARN  no build target for: D:\Campus\Year 2\Semester 1\Functional Programming\Tutorials\2\main.scala
2023.06.18 11:29:43 WARN  no build target for: D:\Campus\Year 2\Semester 1\Functional Programming\Tutorials\2\main.scala
2023.06.18 11:29:59 WARN  no build target for: D:\Campus\Year 2\Semester 1\Functional Programming\Tutorials\2\main.scala
2023.06.18 11:30:20 WARN  no build target for: D:\Campus\Year 2\Semester 1\Functional Programming\Tutorials\2\main.scala
2023.06.18 11:30:24 WARN  no build target for: D:\Campus\Year 2\Semester 1\Functional Programming\Tutorials\2\main.scala
2023.06.18 11:31:01 WARN  no build target for: D:\Campus\Year 2\Semester 1\Functional Programming\Tutorials\2\main.scala
2023.06.18 11:31:01 WARN  no build target for: D:\Campus\Year 2\Semester 1\Functional Programming\Tutorials\2\main.scala
2023.06.18 11:32:53 WARN  no build target for: D:\Campus\Year 2\Semester 1\Functional Programming\Tutorials\2\main.scala
2023.06.18 11:33:01 WARN  no build target for: D:\Campus\Year 2\Semester 1\Functional Programming\Tutorials\2\main.scala
2023.06.18 11:33:18 WARN  no build target for: D:\Campus\Year 2\Semester 1\Functional Programming\Tutorials\2\main.scala
2023.06.18 11:33:25 WARN  no build target for: D:\Campus\Year 2\Semester 1\Functional Programming\Tutorials\2\main.scala
2023.06.18 11:33:29 WARN  no build target for: D:\Campus\Year 2\Semester 1\Functional Programming\Tutorials\2\main.scala
2023.06.18 11:33:34 WARN  no build target for: D:\Campus\Year 2\Semester 1\Functional Programming\Tutorials\2\main.scala
2023.06.18 11:37:27 WARN  no build target for: D:\Campus\Year 2\Semester 1\Functional Programming\Tutorials\2\main.scala
2023.06.18 11:37:53 WARN  no build target for: D:\Campus\Year 2\Semester 1\Functional Programming\Tutorials\2\main.scala
2023.06.18 11:38:29 WARN  no build target for: D:\Campus\Year 2\Semester 1\Functional Programming\Tutorials\2\main.scala
2023.06.18 11:39:06 WARN  no build target for: D:\Campus\Year 2\Semester 1\Functional Programming\Tutorials\2\main.scala
2023.06.18 11:39:08 WARN  no build target for: D:\Campus\Year 2\Semester 1\Functional Programming\Tutorials\2\main.scala
2023.06.18 11:39:11 WARN  no build target for: D:\Campus\Year 2\Semester 1\Functional Programming\Tutorials\2\main.scala
2023.06.18 11:39:35 WARN  no build target for: D:\Campus\Year 2\Semester 1\Functional Programming\Tutorials\2\main.scala
2023.06.18 11:39:45 WARN  no build target for: D:\Campus\Year 2\Semester 1\Functional Programming\Tutorials\2\main.scala
2023.06.18 11:40:03 WARN  no build target for: D:\Campus\Year 2\Semester 1\Functional Programming\Tutorials\2\main.scala
Jun 18, 2023 11:40:26 AM org.eclipse.lsp4j.jsonrpc.RemoteEndpoint handleCancellation
WARNING: Unmatched cancel notification for request id 1082
2023.06.18 11:57:47 WARN  no build target for: D:\Campus\Year 2\Semester 1\Functional Programming\Tutorials\2\main.scala
2023.06.18 11:58:11 WARN  no build target for: D:\Campus\Year 2\Semester 1\Functional Programming\Tutorials\2\main.scala
2023.06.18 12:00:08 WARN  no build target for: D:\Campus\Year 2\Semester 1\Functional Programming\Tutorials\2\main.scala
2023.06.18 12:33:17 INFO  Shutting down server
2023.06.18 12:33:17 INFO  shutting down Metals
2023.06.18 12:33:17 INFO  Exiting server
2023.06.18 13:28:42 INFO  Started: Metals version 0.11.12 in workspace 'D:\Campus\Year 2\Semester 1\Functional Programming\Tutorials\2' for client Visual Studio Code 1.79.2.
Jun 18, 2023 1:28:43 PM org.flywaydb.core.internal.license.VersionPrinter printVersionOnly
INFO: Flyway Community Edition 9.16.3 by Redgate
Jun 18, 2023 1:28:43 PM org.flywaydb.core.internal.license.VersionPrinter printVersion
INFO: See release notes here: https://rd.gt/416ObMi
Jun 18, 2023 1:28:43 PM org.flywaydb.core.internal.license.VersionPrinter printVersion
INFO: 
Jun 18, 2023 1:28:43 PM org.flywaydb.core.internal.database.base.BaseDatabaseType createDatabase
INFO: Database: jdbc:h2:file:D:\Campus\Year 2\Semester 1\Functional Programming\Tutorials\2\.metals\metals (H2 2.1)
Jun 18, 2023 1:28:44 PM org.flywaydb.core.internal.command.DbValidate validate
INFO: Successfully validated 4 migrations (execution time 00:00.077s)
Jun 18, 2023 1:28:44 PM org.flywaydb.core.internal.command.DbMigrate migrateGroup
INFO: Current version of schema "PUBLIC": 4
Jun 18, 2023 1:28:44 PM org.flywaydb.core.internal.command.DbMigrate logSummary
INFO: Schema "PUBLIC" is up to date. No migration necessary.
2023.06.18 13:28:44 INFO  time: initialize in 1.83s
2023.06.18 13:28:46 WARN  Build server is not auto-connectable.
2023.06.18 13:28:46 WARN  no build tool detected in workspace 'D:\Campus\Year 2\Semester 1\Functional Programming\Tutorials\2'. The most common cause for this problem is that the editor was opened in the wrong working directory, for example if you use sbt then the workspace directory should contain build.sbt. 
2023.06.18 13:28:46 WARN  no build target for: D:\Campus\Year 2\Semester 1\Functional Programming\Tutorials\2\main.scala
2023.06.18 13:28:53 INFO  no build target found for D:\Campus\Year 2\Semester 1\Functional Programming\Tutorials\2\main.scala. Using presentation compiler with project's scala-library version: 3.2.2
2023.06.18 13:28:55 WARN  no build target for: D:\Campus\Year 2\Semester 1\Functional Programming\Tutorials\2\1.scala
Jun 18, 2023 1:28:55 PM org.eclipse.lsp4j.jsonrpc.RemoteEndpoint handleCancellation
WARNING: Unmatched cancel notification for request id 9
2023.06.18 13:29:02 WARN  no build target for: D:\Campus\Year 2\Semester 1\Functional Programming\Tutorials\2\1.scala
2023.06.18 13:29:04 INFO  time: code lens generation in 3.9s
2023.06.18 13:29:04 INFO  time: code lens generation in 4.67s
2023.06.18 13:29:04 INFO  time: code lens generation in 5.58s
2023.06.18 13:29:04 INFO  time: code lens generation in 8.45s
2023.06.18 13:29:04 INFO  time: code lens generation in 6.55s
2023.06.18 13:29:04 INFO  time: code lens generation in 6.01s
2023.06.18 13:29:04 INFO  time: code lens generation in 1.37s
2023.06.18 13:29:04 INFO  time: code lens generation in 8.52s
2023.06.18 13:29:04 INFO  time: code lens generation in 2.53s
2023.06.18 13:30:48 WARN  no build target for: D:\Campus\Year 2\Semester 1\Functional Programming\Tutorials\2\2.scala
Jun 18, 2023 1:33:41 PM org.eclipse.lsp4j.jsonrpc.RemoteEndpoint handleCancellation
WARNING: Unmatched cancel notification for request id 70
Jun 18, 2023 1:34:00 PM org.eclipse.lsp4j.jsonrpc.RemoteEndpoint handleCancellation
WARNING: Unmatched cancel notification for request id 157
Jun 18, 2023 1:34:04 PM org.eclipse.lsp4j.jsonrpc.RemoteEndpoint handleCancellation
WARNING: Unmatched cancel notification for request id 179
2023.06.18 13:34:27 WARN  no build target for: D:\Campus\Year 2\Semester 1\Functional Programming\Tutorials\2\2.scala
Jun 18, 2023 1:34:32 PM org.eclipse.lsp4j.jsonrpc.RemoteEndpoint handleCancellation
WARNING: Unmatched cancel notification for request id 223
Jun 18, 2023 1:34:40 PM scala.meta.internal.pc.CompilerAccess handleError
SEVERE: NoDenotation.owner
java.lang.AssertionError: NoDenotation.owner
	at dotty.tools.dotc.core.SymDenotations$NoDenotation$.owner(SymDenotations.scala:2511)
	at scala.meta.internal.pc.MetalsInteractive$.enclosingSymbolsWithExpressionType(MetalsInteractive.scala:261)
	at scala.meta.internal.pc.HoverProvider$.hover(HoverProvider.scala:98)

Jun 18, 2023 1:34:41 PM scala.meta.internal.pc.CompilerAccess handleError
SEVERE: NoDenotation.owner
java.lang.AssertionError: NoDenotation.owner
	at dotty.tools.dotc.core.SymDenotations$NoDenotation$.owner(SymDenotations.scala:2511)
	at scala.meta.internal.pc.MetalsInteractive$.enclosingSymbolsWithExpressionType(MetalsInteractive.scala:261)
	at scala.meta.internal.pc.HoverProvider$.hover(HoverProvider.scala:98)

2023.06.18 13:35:18 WARN  no build target for: D:\Campus\Year 2\Semester 1\Functional Programming\Tutorials\2\2.scala
2023.06.18 13:37:47 WARN  no build target for: D:\Campus\Year 2\Semester 1\Functional Programming\Tutorials\2\2.scala
2023.06.18 13:37:54 WARN  no build target for: D:\Campus\Year 2\Semester 1\Functional Programming\Tutorials\2\2.scala
Jun 18, 2023 1:38:39 PM org.eclipse.lsp4j.jsonrpc.RemoteEndpoint handleCancellation
WARNING: Unmatched cancel notification for request id 523
Jun 18, 2023 1:38:41 PM org.eclipse.lsp4j.jsonrpc.RemoteEndpoint handleCancellation
WARNING: Unmatched cancel notification for request id 529
2023.06.18 13:39:12 WARN  no build target for: D:\Campus\Year 2\Semester 1\Functional Programming\Tutorials\2\2.scala
Jun 18, 2023 1:39:30 PM org.eclipse.lsp4j.jsonrpc.RemoteEndpoint handleCancellation
WARNING: Unmatched cancel notification for request id 592
2023.06.18 13:39:36 WARN  no build target for: D:\Campus\Year 2\Semester 1\Functional Programming\Tutorials\2\2.scala
2023.06.18 13:42:56 WARN  no build target for: D:\Campus\Year 2\Semester 1\Functional Programming\Tutorials\2\2.scala
2023.06.18 13:43:29 WARN  no build target for: D:\Campus\Year 2\Semester 1\Functional Programming\Tutorials\2\2.scala
2023.06.18 13:43:41 WARN  no build target for: D:\Campus\Year 2\Semester 1\Functional Programming\Tutorials\2\2.scala
2023.06.18 13:44:05 WARN  no build target for: D:\Campus\Year 2\Semester 1\Functional Programming\Tutorials\2\2.scala
2023.06.18 13:44:21 WARN  no build target for: D:\Campus\Year 2\Semester 1\Functional Programming\Tutorials\2\2.scala
2023.06.18 13:44:28 WARN  no build target for: D:\Campus\Year 2\Semester 1\Functional Programming\Tutorials\2\2.scala
2023.06.18 13:44:31 WARN  no build target for: D:\Campus\Year 2\Semester 1\Functional Programming\Tutorials\2\2.scala
2023.06.18 13:44:39 WARN  no build target for: D:\Campus\Year 2\Semester 1\Functional Programming\Tutorials\2\2.scala
Exception in thread "pool-3-thread-1" java.lang.Error: java.lang.InterruptedException
	at java.util.concurrent.ThreadPoolExecutor.runWorker(ThreadPoolExecutor.java:1155)
	at java.util.concurrent.ThreadPoolExecutor$Worker.run(ThreadPoolExecutor.java:624)
	at java.lang.Thread.run(Thread.java:748)
Caused by: java.lang.InterruptedException
	at scala.meta.internal.metals.FutureCancelToken.checkCanceled(FutureCancelToken.scala:29)
	at scala.meta.internal.pc.CompilerAccess.onCompilerJobQueue$$anonfun$1(CompilerAccess.scala:195)
	at scala.meta.internal.pc.CompilerJobQueue$Job.run(CompilerJobQueue.scala:152)
	at java.util.concurrent.ThreadPoolExecutor.runWorker(ThreadPoolExecutor.java:1149)
	... 2 more
2023.06.18 13:44:50 WARN  no build target for: D:\Campus\Year 2\Semester 1\Functional Programming\Tutorials\2\2.scala
2023.06.18 13:45:00 WARN  no build target for: D:\Campus\Year 2\Semester 1\Functional Programming\Tutorials\2\2.scala
Jun 18, 2023 1:47:37 PM org.eclipse.lsp4j.jsonrpc.RemoteEndpoint handleCancellation
WARNING: Unmatched cancel notification for request id 963
Jun 18, 2023 1:47:37 PM org.eclipse.lsp4j.jsonrpc.RemoteEndpoint handleCancellation
WARNING: Unmatched cancel notification for request id 964
Jun 18, 2023 1:48:04 PM org.eclipse.lsp4j.jsonrpc.RemoteEndpoint handleCancellation
WARNING: Unmatched cancel notification for request id 1059
2023.06.18 13:48:16 WARN  no build target for: D:\Campus\Year 2\Semester 1\Functional Programming\Tutorials\2\2.scala
Jun 18, 2023 1:48:23 PM org.eclipse.lsp4j.jsonrpc.RemoteEndpoint handleCancellation
WARNING: Unmatched cancel notification for request id 1108
Jun 18, 2023 1:48:24 PM org.eclipse.lsp4j.jsonrpc.RemoteEndpoint handleCancellation
WARNING: Unmatched cancel notification for request id 1114
Jun 18, 2023 1:48:26 PM org.eclipse.lsp4j.jsonrpc.RemoteEndpoint handleCancellation
WARNING: Unmatched cancel notification for request id 1120
Jun 18, 2023 1:48:27 PM org.eclipse.lsp4j.jsonrpc.RemoteEndpoint handleCancellation
WARNING: Unmatched cancel notification for request id 1126
2023.06.18 13:48:29 WARN  no build target for: D:\Campus\Year 2\Semester 1\Functional Programming\Tutorials\2\2.scala
2023.06.18 13:55:38 WARN  no build target for: D:\Campus\Year 2\Semester 1\Functional Programming\Tutorials\2\2.scala
2023.06.18 13:55:42 WARN  no build target for: D:\Campus\Year 2\Semester 1\Functional Programming\Tutorials\2\1.scala
Jun 18, 2023 1:55:44 PM org.eclipse.lsp4j.jsonrpc.RemoteEndpoint handleCancellation
WARNING: Unmatched cancel notification for request id 1161
2023.06.18 13:55:53 WARN  no build target for: D:\Campus\Year 2\Semester 1\Functional Programming\Tutorials\2\1.scala
Jun 18, 2023 1:58:27 PM org.eclipse.lsp4j.jsonrpc.RemoteEndpoint handleCancellation
WARNING: Unmatched cancel notification for request id 1333
2023.06.18 14:06:09 WARN  no build target for: D:\Campus\Year 2\Semester 1\Functional Programming\Tutorials\2\1.scala
2023.06.18 14:07:32 WARN  no build target for: D:\Campus\Year 2\Semester 1\Functional Programming\Tutorials\2\1.scala
2023.06.18 14:07:41 WARN  no build target for: D:\Campus\Year 2\Semester 1\Functional Programming\Tutorials\2\1.scala
2023.06.18 14:22:21 INFO  Shutting down server
2023.06.18 14:22:21 INFO  shutting down Metals
2023.06.18 14:22:21 INFO  Exiting server
2023.06.19 10:57:46 INFO  Started: Metals version 0.11.12 in workspace 'D:\Campus\Year 2\Semester 1\Functional Programming\Tutorials\2' for client Visual Studio Code 1.79.2.
Jun 19, 2023 10:57:46 AM org.flywaydb.core.internal.license.VersionPrinter printVersionOnly
INFO: Flyway Community Edition 9.16.3 by Redgate
Jun 19, 2023 10:57:46 AM org.flywaydb.core.internal.license.VersionPrinter printVersion
INFO: See release notes here: https://rd.gt/416ObMi
Jun 19, 2023 10:57:46 AM org.flywaydb.core.internal.license.VersionPrinter printVersion
INFO: 
Jun 19, 2023 10:57:46 AM org.flywaydb.core.internal.database.base.BaseDatabaseType createDatabase
INFO: Database: jdbc:h2:file:D:\Campus\Year 2\Semester 1\Functional Programming\Tutorials\2\.metals\metals (H2 2.1)
Jun 19, 2023 10:57:47 AM org.flywaydb.core.internal.command.DbValidate validate
INFO: Successfully validated 4 migrations (execution time 00:00.046s)
Jun 19, 2023 10:57:47 AM org.flywaydb.core.internal.command.DbMigrate migrateGroup
INFO: Current version of schema "PUBLIC": 4
Jun 19, 2023 10:57:47 AM org.flywaydb.core.internal.command.DbMigrate logSummary
INFO: Schema "PUBLIC" is up to date. No migration necessary.
2023.06.19 10:57:47 INFO  time: initialize in 0.74s
2023.06.19 10:57:47 WARN  Build server is not auto-connectable.
2023.06.19 10:57:47 WARN  no build tool detected in workspace 'D:\Campus\Year 2\Semester 1\Functional Programming\Tutorials\2'. The most common cause for this problem is that the editor was opened in the wrong working directory, for example if you use sbt then the workspace directory should contain build.sbt. 
2023.06.19 10:57:47 WARN  no build target for: D:\Campus\Year 2\Semester 1\Functional Programming\Tutorials\2\1.scala
2023.06.19 10:57:51 INFO  no build target found for D:\Campus\Year 2\Semester 1\Functional Programming\Tutorials\2\1.scala. Using presentation compiler with project's scala-library version: 3.2.2
2023.06.19 10:57:53 INFO  time: code lens generation in 5.6s
2023.06.19 10:59:29 WARN  no build target for: D:\Campus\Year 2\Semester 1\Functional Programming\Tutorials\2\1.scala
2023.06.19 10:59:31 WARN  no build target for: D:\Campus\Year 2\Semester 1\Functional Programming\Tutorials\2\1.scala
2023.06.19 10:59:58 WARN  no build target for: D:\Campus\Year 2\Semester 1\Functional Programming\Tutorials\2\1.scala
2023.06.19 11:00:57 WARN  no build target for: D:\Campus\Year 2\Semester 1\Functional Programming\Tutorials\2\1.scala
2023.06.19 11:02:36 WARN  no build target for: D:\Campus\Year 2\Semester 1\Functional Programming\Tutorials\2\1.scala
2023.06.19 11:03:40 WARN  no build target for: D:\Campus\Year 2\Semester 1\Functional Programming\Tutorials\2\1.scala
2023.06.19 11:03:41 WARN  no build target for: D:\Campus\Year 2\Semester 1\Functional Programming\Tutorials\2\1.scala
2023.06.19 11:05:26 WARN  no build target for: D:\Campus\Year 2\Semester 1\Functional Programming\Tutorials\2\1.scala
2023.06.19 11:05:45 WARN  no build target for: D:\Campus\Year 2\Semester 1\Functional Programming\Tutorials\2\1.scala
2023.06.19 11:14:58 WARN  no build target for: D:\Campus\Year 2\Semester 1\Functional Programming\Tutorials\2\1.scala
Jun 19, 2023 11:15:29 AM org.eclipse.lsp4j.jsonrpc.RemoteEndpoint handleCancellation
WARNING: Unmatched cancel notification for request id 1031
2023.06.19 11:38:17 WARN  no build target for: D:\Campus\Year 2\Semester 1\Functional Programming\Tutorials\2\2.scala
2023.06.19 12:04:35 INFO  Shutting down server
2023.06.19 12:04:35 INFO  shutting down Metals
2023.06.19 12:04:35 INFO  Exiting server
2023.06.19 15:30:00 INFO  Started: Metals version 0.11.12 in workspace 'D:\Campus\Year 2\Semester 1\Functional Programming\Tutorials\2' for client Visual Studio Code 1.79.2.
Jun 19, 2023 3:30:00 PM org.flywaydb.core.internal.license.VersionPrinter printVersionOnly
INFO: Flyway Community Edition 9.16.3 by Redgate
Jun 19, 2023 3:30:00 PM org.flywaydb.core.internal.license.VersionPrinter printVersion
INFO: See release notes here: https://rd.gt/416ObMi
Jun 19, 2023 3:30:00 PM org.flywaydb.core.internal.license.VersionPrinter printVersion
INFO: 
Jun 19, 2023 3:30:01 PM org.flywaydb.core.internal.database.base.BaseDatabaseType createDatabase
INFO: Database: jdbc:h2:file:D:\Campus\Year 2\Semester 1\Functional Programming\Tutorials\2\.metals\metals (H2 2.1)
Jun 19, 2023 3:30:01 PM org.flywaydb.core.internal.command.DbValidate validate
INFO: Successfully validated 4 migrations (execution time 00:00.028s)
Jun 19, 2023 3:30:01 PM org.flywaydb.core.internal.command.DbMigrate migrateGroup
INFO: Current version of schema "PUBLIC": 4
Jun 19, 2023 3:30:01 PM org.flywaydb.core.internal.command.DbMigrate logSummary
INFO: Schema "PUBLIC" is up to date. No migration necessary.
2023.06.19 15:30:01 INFO  time: initialize in 0.74s
2023.06.19 15:30:02 WARN  Build server is not auto-connectable.
2023.06.19 15:30:02 WARN  no build tool detected in workspace 'D:\Campus\Year 2\Semester 1\Functional Programming\Tutorials\2'. The most common cause for this problem is that the editor was opened in the wrong working directory, for example if you use sbt then the workspace directory should contain build.sbt. 
2023.06.19 15:30:02 WARN  no build target for: D:\Campus\Year 2\Semester 1\Functional Programming\Tutorials\2\1.scala
2023.06.19 15:30:06 INFO  no build target found for D:\Campus\Year 2\Semester 1\Functional Programming\Tutorials\2\1.scala. Using presentation compiler with project's scala-library version: 3.2.2
2023.06.19 15:30:06 WARN  no build target for: D:\Campus\Year 2\Semester 1\Functional Programming\Tutorials\2\1.scala
2023.06.19 15:30:08 INFO  time: code lens generation in 6.42s
2023.06.19 15:30:09 INFO  time: code lens generation in 5.87s
2023.06.19 15:30:09 INFO  time: code lens generation in 2.52s
Jun 19, 2023 3:30:44 PM org.eclipse.lsp4j.jsonrpc.RemoteEndpoint handleCancellation
WARNING: Unmatched cancel notification for request id 149
2023.06.19 15:31:31 WARN  no build target for: D:\Campus\Year 2\Semester 1\Functional Programming\Tutorials\2\1.scala
2023.06.19 15:31:37 WARN  no build target for: D:\Campus\Year 2\Semester 1\Functional Programming\Tutorials\2\1.scala
2023.06.19 15:35:38 WARN  no build target for: D:\Campus\Year 2\Semester 1\Functional Programming\Tutorials\2\1.scala
2023.06.19 15:36:27 WARN  no build target for: D:\Campus\Year 2\Semester 1\Functional Programming\Tutorials\2\1.scala
2023.06.19 15:36:37 WARN  no build target for: D:\Campus\Year 2\Semester 1\Functional Programming\Tutorials\2\1.scala
2023.06.19 15:37:32 WARN  no build target for: D:\Campus\Year 2\Semester 1\Functional Programming\Tutorials\2\1.scala
2023.06.19 15:37:44 WARN  no build target for: D:\Campus\Year 2\Semester 1\Functional Programming\Tutorials\2\1.scala
Jun 19, 2023 3:37:53 PM org.eclipse.lsp4j.jsonrpc.RemoteEndpoint handleCancellation
WARNING: Unmatched cancel notification for request id 916
2023.06.19 15:38:50 WARN  no build target for: D:\Campus\Year 2\Semester 1\Functional Programming\Tutorials\2\1.scala
2023.06.19 15:42:53 WARN  no build target for: D:\Campus\Year 2\Semester 1\Functional Programming\Tutorials\2\1.scala
Jun 19, 2023 3:43:32 PM org.eclipse.lsp4j.jsonrpc.RemoteEndpoint handleCancellation
WARNING: Unmatched cancel notification for request id 1328
2023.06.19 15:43:37 WARN  no build target for: D:\Campus\Year 2\Semester 1\Functional Programming\Tutorials\2\1.scala
2023.06.19 15:56:48 WARN  no build target for: D:\Campus\Year 2\Semester 1\Functional Programming\Tutorials\2\1.scala
2023.06.19 15:58:48 WARN  no build target for: D:\Campus\Year 2\Semester 1\Functional Programming\Tutorials\2\1.scala
2023.06.19 15:58:54 INFO  Shutting down server
2023.06.19 15:58:54 INFO  shutting down Metals
2023.06.19 15:58:54 INFO  Exiting server
2023.06.19 16:03:27 INFO  Started: Metals version 0.11.12 in workspace 'D:\Campus\Year 2\Semester 1\Functional Programming\Tutorials\2' for client Visual Studio Code 1.79.2.
Jun 19, 2023 4:03:27 PM org.flywaydb.core.internal.license.VersionPrinter printVersionOnly
INFO: Flyway Community Edition 9.16.3 by Redgate
Jun 19, 2023 4:03:27 PM org.flywaydb.core.internal.license.VersionPrinter printVersion
INFO: See release notes here: https://rd.gt/416ObMi
Jun 19, 2023 4:03:27 PM org.flywaydb.core.internal.license.VersionPrinter printVersion
INFO: 
Jun 19, 2023 4:03:27 PM org.flywaydb.core.internal.database.base.BaseDatabaseType createDatabase
INFO: Database: jdbc:h2:file:D:\Campus\Year 2\Semester 1\Functional Programming\Tutorials\2\.metals\metals (H2 2.1)
Jun 19, 2023 4:03:27 PM org.flywaydb.core.internal.command.DbValidate validate
INFO: Successfully validated 4 migrations (execution time 00:00.025s)
Jun 19, 2023 4:03:27 PM org.flywaydb.core.internal.command.DbMigrate migrateGroup
INFO: Current version of schema "PUBLIC": 4
Jun 19, 2023 4:03:27 PM org.flywaydb.core.internal.command.DbMigrate logSummary
INFO: Schema "PUBLIC" is up to date. No migration necessary.
2023.06.19 16:03:27 INFO  time: initialize in 0.62s
2023.06.19 16:03:28 WARN  Build server is not auto-connectable.
2023.06.19 16:03:28 WARN  no build tool detected in workspace 'D:\Campus\Year 2\Semester 1\Functional Programming\Tutorials\2'. The most common cause for this problem is that the editor was opened in the wrong working directory, for example if you use sbt then the workspace directory should contain build.sbt. 
2023.06.19 16:03:28 WARN  no build target for: D:\Campus\Year 2\Semester 1\Functional Programming\Tutorials\2\1.scala
2023.06.19 16:03:32 INFO  no build target found for D:\Campus\Year 2\Semester 1\Functional Programming\Tutorials\2\1.scala. Using presentation compiler with project's scala-library version: 3.2.2
2023.06.19 16:03:34 INFO  time: code lens generation in 6.27s
2023.06.19 16:04:09 WARN  no build target for: D:\Campus\Year 2\Semester 1\Functional Programming\Tutorials\2\1.scala
2023.06.19 16:05:05 INFO  Shutting down server
2023.06.19 16:05:05 INFO  shutting down Metals
2023.06.19 16:05:05 INFO  Exiting server
2023.06.19 20:07:21 INFO  Started: Metals version 0.11.12 in workspace 'D:\Campus\Year 2\Semester 1\Functional Programming\Tutorials\2' for client Visual Studio Code 1.79.2.
Jun 19, 2023 8:07:21 PM org.flywaydb.core.internal.license.VersionPrinter printVersionOnly
INFO: Flyway Community Edition 9.16.3 by Redgate
Jun 19, 2023 8:07:21 PM org.flywaydb.core.internal.license.VersionPrinter printVersion
INFO: See release notes here: https://rd.gt/416ObMi
Jun 19, 2023 8:07:21 PM org.flywaydb.core.internal.license.VersionPrinter printVersion
INFO: 
Jun 19, 2023 8:07:21 PM org.flywaydb.core.internal.database.base.BaseDatabaseType createDatabase
INFO: Database: jdbc:h2:file:D:\Campus\Year 2\Semester 1\Functional Programming\Tutorials\2\.metals\metals (H2 2.1)
Jun 19, 2023 8:07:21 PM org.flywaydb.core.internal.command.DbValidate validate
INFO: Successfully validated 4 migrations (execution time 00:00.023s)
Jun 19, 2023 8:07:21 PM org.flywaydb.core.internal.command.DbMigrate migrateGroup
INFO: Current version of schema "PUBLIC": 4
Jun 19, 2023 8:07:21 PM org.flywaydb.core.internal.command.DbMigrate logSummary
INFO: Schema "PUBLIC" is up to date. No migration necessary.
2023.06.19 20:07:22 INFO  time: initialize in 0.55s
2023.06.19 20:07:22 WARN  Build server is not auto-connectable.
2023.06.19 20:07:22 WARN  no build tool detected in workspace 'D:\Campus\Year 2\Semester 1\Functional Programming\Tutorials\2'. The most common cause for this problem is that the editor was opened in the wrong working directory, for example if you use sbt then the workspace directory should contain build.sbt. 
2023.06.19 20:07:22 WARN  no build target for: D:\Campus\Year 2\Semester 1\Functional Programming\Tutorials\2\1.scala
2023.06.19 20:07:25 INFO  no build target found for D:\Campus\Year 2\Semester 1\Functional Programming\Tutorials\2\1.scala. Using presentation compiler with project's scala-library version: 3.2.2
2023.06.19 20:07:27 INFO  time: code lens generation in 4.38s
2023.06.19 20:13:07 WARN  no build target for: D:\Campus\Year 2\Semester 1\Functional Programming\Tutorials\2\1.scala
2023.06.19 20:13:24 WARN  no build target for: D:\Campus\Year 2\Semester 1\Functional Programming\Tutorials\2\1.scala
2023.06.19 20:13:36 WARN  no build target for: D:\Campus\Year 2\Semester 1\Functional Programming\Tutorials\2\1.scala
2023.06.19 20:13:51 WARN  no build target for: D:\Campus\Year 2\Semester 1\Functional Programming\Tutorials\2\1.scala
2023.06.19 20:14:12 WARN  no build target for: D:\Campus\Year 2\Semester 1\Functional Programming\Tutorials\2\1.scala
Jun 19, 2023 8:16:03 PM org.eclipse.lsp4j.jsonrpc.RemoteEndpoint handleCancellation
WARNING: Unmatched cancel notification for request id 638
2023.06.19 20:16:05 WARN  no build target for: D:\Campus\Year 2\Semester 1\Functional Programming\Tutorials\2\1.scala
2023.06.19 20:16:28 WARN  no build target for: D:\Campus\Year 2\Semester 1\Functional Programming\Tutorials\2\1.scala
2023.06.19 20:17:16 WARN  no build target for: D:\Campus\Year 2\Semester 1\Functional Programming\Tutorials\2\1.scala
2023.06.19 20:18:32 WARN  no build target for: D:\Campus\Year 2\Semester 1\Functional Programming\Tutorials\2\1.scala
2023.06.19 20:18:47 WARN  no build target for: D:\Campus\Year 2\Semester 1\Functional Programming\Tutorials\2\1.scala
2023.06.19 20:19:30 WARN  no build target for: D:\Campus\Year 2\Semester 1\Functional Programming\Tutorials\2\1.scala
2023.06.19 20:19:30 WARN  no build target for: D:\Campus\Year 2\Semester 1\Functional Programming\Tutorials\2\1.scala
2023.06.19 20:20:52 WARN  no build target for: D:\Campus\Year 2\Semester 1\Functional Programming\Tutorials\2\1.scala
2023.06.19 20:24:23 WARN  no build target for: D:\Campus\Year 2\Semester 1\Functional Programming\Tutorials\2\1.scala
2023.06.19 20:30:35 WARN  no build target for: D:\Campus\Year 2\Semester 1\Functional Programming\Tutorials\2\1.scala
2023.06.19 20:30:56 WARN  no build target for: D:\Campus\Year 2\Semester 1\Functional Programming\Tutorials\2\1.scala
2023.06.19 20:31:39 WARN  no build target for: D:\Campus\Year 2\Semester 1\Functional Programming\Tutorials\2\1.scala
2023.06.19 20:33:57 WARN  no build target for: D:\Campus\Year 2\Semester 1\Functional Programming\Tutorials\2\1.scala
2023.06.19 20:34:08 WARN  no build target for: D:\Campus\Year 2\Semester 1\Functional Programming\Tutorials\2\1.scala
2023.06.19 20:36:59 WARN  no build target for: D:\Campus\Year 2\Semester 1\Functional Programming\Tutorials\2\1.scala
2023.06.19 20:37:05 WARN  no build target for: D:\Campus\Year 2\Semester 1\Functional Programming\Tutorials\2\1.scala
2023.06.19 20:37:27 WARN  no build target for: D:\Campus\Year 2\Semester 1\Functional Programming\Tutorials\2\1.scala
2023.06.19 20:37:31 WARN  no build target for: D:\Campus\Year 2\Semester 1\Functional Programming\Tutorials\2\1.scala
2023.06.19 20:37:53 WARN  no build target for: D:\Campus\Year 2\Semester 1\Functional Programming\Tutorials\2\1.scala
2023.06.19 20:39:05 WARN  no build target for: D:\Campus\Year 2\Semester 1\Functional Programming\Tutorials\2\1.scala
2023.06.19 20:39:30 WARN  no build target for: D:\Campus\Year 2\Semester 1\Functional Programming\Tutorials\2\1.scala
2023.06.19 20:41:03 WARN  no build target for: D:\Campus\Year 2\Semester 1\Functional Programming\Tutorials\2\1.scala
2023.06.19 20:41:31 WARN  no build target for: D:\Campus\Year 2\Semester 1\Functional Programming\Tutorials\2\1.scala
2023.06.19 20:41:32 WARN  no build target for: D:\Campus\Year 2\Semester 1\Functional Programming\Tutorials\2\1.scala
2023.06.19 20:42:08 WARN  no build target for: D:\Campus\Year 2\Semester 1\Functional Programming\Tutorials\2\1.scala
2023.06.19 20:42:18 WARN  no build target for: D:\Campus\Year 2\Semester 1\Functional Programming\Tutorials\2\1.scala
2023.06.19 20:42:25 WARN  no build target for: D:\Campus\Year 2\Semester 1\Functional Programming\Tutorials\2\1.scala
2023.06.19 20:42:38 WARN  no build target for: D:\Campus\Year 2\Semester 1\Functional Programming\Tutorials\2\1.scala
2023.06.19 20:42:58 WARN  no build target for: D:\Campus\Year 2\Semester 1\Functional Programming\Tutorials\2\1.scala
2023.06.19 20:43:15 WARN  no build target for: D:\Campus\Year 2\Semester 1\Functional Programming\Tutorials\2\1.scala
2023.06.19 20:43:31 WARN  no build target for: D:\Campus\Year 2\Semester 1\Functional Programming\Tutorials\2\1.scala
2023.06.19 20:43:42 WARN  no build target for: D:\Campus\Year 2\Semester 1\Functional Programming\Tutorials\2\1.scala
2023.06.19 20:44:38 WARN  no build target for: D:\Campus\Year 2\Semester 1\Functional Programming\Tutorials\2\1.scala
Jun 19, 2023 8:45:32 PM org.eclipse.lsp4j.jsonrpc.RemoteEndpoint handleCancellation
WARNING: Unmatched cancel notification for request id 1909
2023.06.19 20:45:39 WARN  no build target for: D:\Campus\Year 2\Semester 1\Functional Programming\Tutorials\2\1.scala
2023.06.19 20:49:17 WARN  no build target for: D:\Campus\Year 2\Semester 1\Functional Programming\Tutorials\2\1.scala
2023.06.19 20:49:18 WARN  no build target for: D:\Campus\Year 2\Semester 1\Functional Programming\Tutorials\2\1.scala
2023.06.19 20:49:19 WARN  no build target for: D:\Campus\Year 2\Semester 1\Functional Programming\Tutorials\2\1.scala
2023.06.19 20:49:46 WARN  no build target for: D:\Campus\Year 2\Semester 1\Functional Programming\Tutorials\2\1.scala
2023.06.19 20:50:07 WARN  no build target for: D:\Campus\Year 2\Semester 1\Functional Programming\Tutorials\2\1.scala
2023.06.19 20:50:41 WARN  no build target for: D:\Campus\Year 2\Semester 1\Functional Programming\Tutorials\2\1.scala
2023.06.19 20:52:05 WARN  no build target for: D:\Campus\Year 2\Semester 1\Functional Programming\Tutorials\2\1.scala
2023.06.19 20:52:18 WARN  no build target for: D:\Campus\Year 2\Semester 1\Functional Programming\Tutorials\2\1.scala
2023.06.19 20:52:56 WARN  no build target for: D:\Campus\Year 2\Semester 1\Functional Programming\Tutorials\2\1.scala
2023.06.19 20:53:00 WARN  no build target for: D:\Campus\Year 2\Semester 1\Functional Programming\Tutorials\2\1.scala
2023.06.19 20:53:21 WARN  no build target for: D:\Campus\Year 2\Semester 1\Functional Programming\Tutorials\2\1.scala
2023.06.19 20:53:31 WARN  no build target for: D:\Campus\Year 2\Semester 1\Functional Programming\Tutorials\2\1.scala
2023.06.19 20:53:54 WARN  no build target for: D:\Campus\Year 2\Semester 1\Functional Programming\Tutorials\2\1.scala
2023.06.19 20:54:52 WARN  no build target for: D:\Campus\Year 2\Semester 1\Functional Programming\Tutorials\2\1.scala
2023.06.19 20:55:00 WARN  no build target for: D:\Campus\Year 2\Semester 1\Functional Programming\Tutorials\2\1.scala
2023.06.19 20:56:42 WARN  no build target for: D:\Campus\Year 2\Semester 1\Functional Programming\Tutorials\2\1.scala
2023.06.19 20:58:01 WARN  no build target for: D:\Campus\Year 2\Semester 1\Functional Programming\Tutorials\2\1.scala
Jun 19, 2023 8:58:10 PM org.eclipse.lsp4j.jsonrpc.RemoteEndpoint handleCancellation
WARNING: Unmatched cancel notification for request id 2551
2023.06.19 20:59:07 WARN  no build target for: D:\Campus\Year 2\Semester 1\Functional Programming\Tutorials\2\1.scala
2023.06.19 20:59:13 WARN  no build target for: D:\Campus\Year 2\Semester 1\Functional Programming\Tutorials\2\1.scala
2023.06.19 20:59:34 WARN  no build target for: D:\Campus\Year 2\Semester 1\Functional Programming\Tutorials\2\1.scala
2023.06.19 21:01:11 WARN  no build target for: D:\Campus\Year 2\Semester 1\Functional Programming\Tutorials\2\1.scala
2023.06.19 21:01:21 WARN  no build target for: D:\Campus\Year 2\Semester 1\Functional Programming\Tutorials\2\1.scala
2023.06.19 21:04:47 WARN  no build target for: D:\Campus\Year 2\Semester 1\Functional Programming\Tutorials\2\1.scala
2023.06.19 21:04:52 WARN  no build target for: D:\Campus\Year 2\Semester 1\Functional Programming\Tutorials\2\1.scala
2023.06.19 21:05:08 WARN  no build target for: D:\Campus\Year 2\Semester 1\Functional Programming\Tutorials\2\1.scala
2023.06.19 21:05:24 WARN  no build target for: D:\Campus\Year 2\Semester 1\Functional Programming\Tutorials\2\1.scala
2023.06.19 21:05:35 WARN  no build target for: D:\Campus\Year 2\Semester 1\Functional Programming\Tutorials\2\1.scala
2023.06.19 21:05:53 WARN  no build target for: D:\Campus\Year 2\Semester 1\Functional Programming\Tutorials\2\1.scala
2023.06.19 21:05:54 WARN  no build target for: D:\Campus\Year 2\Semester 1\Functional Programming\Tutorials\2\1.scala
2023.06.19 21:06:34 WARN  no build target for: D:\Campus\Year 2\Semester 1\Functional Programming\Tutorials\2\1.scala
2023.06.19 21:06:34 WARN  no build target for: D:\Campus\Year 2\Semester 1\Functional Programming\Tutorials\2\1.scala
2023.06.19 21:06:36 WARN  no build target for: D:\Campus\Year 2\Semester 1\Functional Programming\Tutorials\2\1.scala
2023.06.19 21:09:55 WARN  no build target for: D:\Campus\Year 2\Semester 1\Functional Programming\Tutorials\2\1.scala
2023.06.19 21:09:56 WARN  no build target for: D:\Campus\Year 2\Semester 1\Functional Programming\Tutorials\2\1.scala
2023.06.19 21:10:27 WARN  no build target for: D:\Campus\Year 2\Semester 1\Functional Programming\Tutorials\2\1.scala
2023.06.19 21:10:32 WARN  no build target for: D:\Campus\Year 2\Semester 1\Functional Programming\Tutorials\2\1.scala
2023.06.19 21:21:31 WARN  no build target for: D:\Campus\Year 2\Semester 1\Functional Programming\Tutorials\2\1.scala
2023.06.19 21:21:32 WARN  no build target for: D:\Campus\Year 2\Semester 1\Functional Programming\Tutorials\2\1.scala
2023.06.19 21:22:05 WARN  no build target for: D:\Campus\Year 2\Semester 1\Functional Programming\Tutorials\2\1.scala
2023.06.19 21:22:08 WARN  no build target for: D:\Campus\Year 2\Semester 1\Functional Programming\Tutorials\2\1.scala
2023.06.19 21:22:18 WARN  no build target for: D:\Campus\Year 2\Semester 1\Functional Programming\Tutorials\2\1.scala
2023.06.19 21:22:20 WARN  no build target for: D:\Campus\Year 2\Semester 1\Functional Programming\Tutorials\2\1.scala
2023.06.19 21:22:22 WARN  no build target for: D:\Campus\Year 2\Semester 1\Functional Programming\Tutorials\2\1.scala
2023.06.19 21:22:22 WARN  no build target for: D:\Campus\Year 2\Semester 1\Functional Programming\Tutorials\2\1.scala
2023.06.19 21:22:22 WARN  no build target for: D:\Campus\Year 2\Semester 1\Functional Programming\Tutorials\2\1.scala
2023.06.19 21:22:22 WARN  no build target for: D:\Campus\Year 2\Semester 1\Functional Programming\Tutorials\2\1.scala
2023.06.19 21:22:24 WARN  no build target for: D:\Campus\Year 2\Semester 1\Functional Programming\Tutorials\2\1.scala
Jun 19, 2023 9:42:39 PM org.eclipse.lsp4j.jsonrpc.RemoteEndpoint handleCancellation
WARNING: Unmatched cancel notification for request id 3897
2023.06.19 21:49:47 WARN  no build target for: D:\Campus\Year 2\Semester 1\Functional Programming\Tutorials\2\1.scala
2023.06.19 21:50:31 WARN  no build target for: D:\Campus\Year 2\Semester 1\Functional Programming\Tutorials\2\1.scala
2023.06.19 21:50:33 WARN  no build target for: D:\Campus\Year 2\Semester 1\Functional Programming\Tutorials\2\1.scala
2023.06.19 21:50:46 WARN  no build target for: D:\Campus\Year 2\Semester 1\Functional Programming\Tutorials\2\1.scala
2023.06.19 21:51:00 WARN  no build target for: D:\Campus\Year 2\Semester 1\Functional Programming\Tutorials\2\1.scala
2023.06.19 21:51:01 WARN  no build target for: D:\Campus\Year 2\Semester 1\Functional Programming\Tutorials\2\1.scala
2023.06.19 21:51:16 WARN  no build target for: D:\Campus\Year 2\Semester 1\Functional Programming\Tutorials\2\2.scala
2023.06.19 21:51:23 WARN  no build target for: D:\Campus\Year 2\Semester 1\Functional Programming\Tutorials\2\1.scala
2023.06.19 21:51:32 INFO  Shutting down server
2023.06.19 21:51:32 INFO  shutting down Metals
2023.06.19 21:51:32 INFO  Exiting server
2023.06.20 10:08:05 INFO  Started: Metals version 0.11.12 in workspace 'D:\Campus\Year 2\Semester 1\Functional Programming\Tutorials\2' for client Visual Studio Code 1.79.2.
Jun 20, 2023 10:08:05 AM org.flywaydb.core.internal.license.VersionPrinter printVersionOnly
INFO: Flyway Community Edition 9.16.3 by Redgate
Jun 20, 2023 10:08:05 AM org.flywaydb.core.internal.license.VersionPrinter printVersion
INFO: See release notes here: https://rd.gt/416ObMi
Jun 20, 2023 10:08:05 AM org.flywaydb.core.internal.license.VersionPrinter printVersion
INFO: 
Jun 20, 2023 10:08:06 AM org.flywaydb.core.internal.database.base.BaseDatabaseType createDatabase
INFO: Database: jdbc:h2:file:D:\Campus\Year 2\Semester 1\Functional Programming\Tutorials\2\.metals\metals (H2 2.1)
Jun 20, 2023 10:08:06 AM org.flywaydb.core.internal.command.DbValidate validate
INFO: Successfully validated 4 migrations (execution time 00:00.032s)
Jun 20, 2023 10:08:06 AM org.flywaydb.core.internal.command.DbMigrate migrateGroup
INFO: Current version of schema "PUBLIC": 4
Jun 20, 2023 10:08:06 AM org.flywaydb.core.internal.command.DbMigrate logSummary
INFO: Schema "PUBLIC" is up to date. No migration necessary.
2023.06.20 10:08:06 INFO  time: initialize in 0.77s
2023.06.20 10:08:07 WARN  Build server is not auto-connectable.
2023.06.20 10:08:07 WARN  no build tool detected in workspace 'D:\Campus\Year 2\Semester 1\Functional Programming\Tutorials\2'. The most common cause for this problem is that the editor was opened in the wrong working directory, for example if you use sbt then the workspace directory should contain build.sbt. 
2023.06.20 10:08:07 WARN  no build target for: D:\Campus\Year 2\Semester 1\Functional Programming\Tutorials\2\21001652.scala
2023.06.20 10:08:10 INFO  no build target found for D:\Campus\Year 2\Semester 1\Functional Programming\Tutorials\2\21001652.scala. Using presentation compiler with project's scala-library version: 3.2.2
2023.06.20 10:08:13 INFO  time: code lens generation in 3.58s
2023.06.20 13:26:44 WARN  no build target for: D:\Campus\Year 2\Semester 1\Functional Programming\Tutorials\2\21001652.scala
2023.06.20 13:26:46 WARN  no build target for: D:\Campus\Year 2\Semester 1\Functional Programming\Tutorials\2\21001652.scala
2023.06.20 13:26:47 INFO  Shutting down server
2023.06.20 13:26:47 INFO  shutting down Metals
2023.06.20 13:26:47 INFO  Exiting server
2023.06.23 13:22:06 INFO  Started: Metals version 0.11.12 in workspace 'D:\Campus\Year 2\Semester 1\Functional Programming\Tutorials\2' for client Visual Studio Code 1.79.2.
Jun 23, 2023 1:22:07 PM org.flywaydb.core.internal.license.VersionPrinter printVersionOnly
INFO: Flyway Community Edition 9.16.3 by Redgate
Jun 23, 2023 1:22:07 PM org.flywaydb.core.internal.license.VersionPrinter printVersion
INFO: See release notes here: https://rd.gt/416ObMi
Jun 23, 2023 1:22:07 PM org.flywaydb.core.internal.license.VersionPrinter printVersion
INFO: 
Jun 23, 2023 1:22:07 PM org.flywaydb.core.internal.database.base.BaseDatabaseType createDatabase
INFO: Database: jdbc:h2:file:D:\Campus\Year 2\Semester 1\Functional Programming\Tutorials\2\.metals\metals (H2 2.1)
Jun 23, 2023 1:22:07 PM org.flywaydb.core.internal.command.DbValidate validate
INFO: Successfully validated 4 migrations (execution time 00:00.034s)
Jun 23, 2023 1:22:07 PM org.flywaydb.core.internal.command.DbMigrate migrateGroup
INFO: Current version of schema "PUBLIC": 4
Jun 23, 2023 1:22:07 PM org.flywaydb.core.internal.command.DbMigrate logSummary
INFO: Schema "PUBLIC" is up to date. No migration necessary.
2023.06.23 13:22:07 INFO  time: initialize in 1.02s
2023.06.23 13:22:09 WARN  Build server is not auto-connectable.
2023.06.23 13:22:09 WARN  no build tool detected in workspace 'D:\Campus\Year 2\Semester 1\Functional Programming\Tutorials\2'. The most common cause for this problem is that the editor was opened in the wrong working directory, for example if you use sbt then the workspace directory should contain build.sbt. 
2023.06.23 13:22:09 WARN  no build target for: D:\Campus\Year 2\Semester 1\Functional Programming\Tutorials\2\21001652.scala
2023.06.23 13:22:15 INFO  no build target found for D:\Campus\Year 2\Semester 1\Functional Programming\Tutorials\2\21001652.scala. Using presentation compiler with project's scala-library version: 3.2.2
2023.06.23 13:22:21 INFO  time: code lens generation in 12s
2023.06.23 13:25:50 INFO  Shutting down server
2023.06.23 13:25:50 INFO  shutting down Metals
2023.06.23 13:25:50 INFO  Exiting server
2023.06.23 13:33:01 INFO  Started: Metals version 0.11.12 in workspace 'D:\Campus\Year 2\Semester 1\Functional Programming\Tutorials\2' for client Visual Studio Code 1.79.2.
Jun 23, 2023 1:33:01 PM org.flywaydb.core.internal.license.VersionPrinter printVersionOnly
INFO: Flyway Community Edition 9.16.3 by Redgate
Jun 23, 2023 1:33:01 PM org.flywaydb.core.internal.license.VersionPrinter printVersion
INFO: See release notes here: https://rd.gt/416ObMi
Jun 23, 2023 1:33:01 PM org.flywaydb.core.internal.license.VersionPrinter printVersion
INFO: 
Jun 23, 2023 1:33:02 PM org.flywaydb.core.internal.database.base.BaseDatabaseType createDatabase
INFO: Database: jdbc:h2:file:D:\Campus\Year 2\Semester 1\Functional Programming\Tutorials\2\.metals\metals (H2 2.1)
Jun 23, 2023 1:33:02 PM org.flywaydb.core.internal.command.DbValidate validate
INFO: Successfully validated 4 migrations (execution time 00:00.040s)
Jun 23, 2023 1:33:02 PM org.flywaydb.core.internal.command.DbMigrate migrateGroup
INFO: Current version of schema "PUBLIC": 4
Jun 23, 2023 1:33:02 PM org.flywaydb.core.internal.command.DbMigrate logSummary
INFO: Schema "PUBLIC" is up to date. No migration necessary.
2023.06.23 13:33:02 INFO  time: initialize in 1.05s
2023.06.23 13:33:04 WARN  Build server is not auto-connectable.
2023.06.23 13:33:04 WARN  no build tool detected in workspace 'D:\Campus\Year 2\Semester 1\Functional Programming\Tutorials\2'. The most common cause for this problem is that the editor was opened in the wrong working directory, for example if you use sbt then the workspace directory should contain build.sbt. 
2023.06.23 13:33:04 WARN  no build target for: D:\Campus\Year 2\Semester 1\Functional Programming\Tutorials\2\21001652.scala
2023.06.23 13:33:07 INFO  no build target found for D:\Campus\Year 2\Semester 1\Functional Programming\Tutorials\2\21001652.scala. Using presentation compiler with project's scala-library version: 3.2.2
Jun 23, 2023 1:33:08 PM org.eclipse.lsp4j.jsonrpc.services.GenericEndpoint notify
INFO: Unsupported notification method: $/setTrace
2023.06.23 13:33:10 INFO  time: code lens generation in 6.24s
2023.06.23 13:33:52 WARN  no build target for: D:\Campus\Year 2\Semester 1\Functional Programming\Tutorials\2\main.scala
2023.06.23 14:24:56 INFO  Shutting down server
2023.06.23 14:24:56 INFO  shutting down Metals
2023.06.23 14:24:56 INFO  Exiting server
