2023.08.07 20:12:30 INFO  Started: Metals version 1.0.0 in folders 'D:\Campus\Year 2\Semester 1\Functional Programming\Tutorials\8' for client Visual Studio Code 1.81.0.
Aug 07, 2023 8:12:30 PM org.flywaydb.core.internal.license.VersionPrinter printVersionOnly
INFO: Flyway Community Edition 9.20.1 by Redgate
Aug 07, 2023 8:12:30 PM org.flywaydb.core.internal.license.VersionPrinter printVersion
INFO: See release notes here: https://rd.gt/416ObMi
Aug 07, 2023 8:12:30 PM org.flywaydb.core.internal.license.VersionPrinter printVersion
INFO: 
Aug 07, 2023 8:12:30 PM org.flywaydb.core.internal.database.base.BaseDatabaseType createDatabase
INFO: Database: jdbc:h2:file:D:\Campus\Year 2\Semester 1\Functional Programming\Tutorials\8\.metals\metals (H2 2.1)
Aug 07, 2023 8:12:30 PM org.flywaydb.core.internal.schemahistory.JdbcTableSchemaHistory allAppliedMigrations
INFO: Schema history table "PUBLIC"."flyway_schema_history" does not exist yet
Aug 07, 2023 8:12:30 PM org.flywaydb.core.internal.command.DbValidate validate
INFO: Successfully validated 4 migrations (execution time 00:00.018s)
Aug 07, 2023 8:12:30 PM org.flywaydb.core.internal.schemahistory.JdbcTableSchemaHistory create
INFO: Creating Schema History table "PUBLIC"."flyway_schema_history" ...
Aug 07, 2023 8:12:30 PM org.flywaydb.core.internal.command.DbMigrate migrateGroup
INFO: Current version of schema "PUBLIC": << Empty Schema >>
Aug 07, 2023 8:12:30 PM org.flywaydb.core.internal.command.DbMigrate doMigrateGroup
INFO: Migrating schema "PUBLIC" to version "1 - Create tables"
Aug 07, 2023 8:12:30 PM org.flywaydb.core.internal.command.DbMigrate doMigrateGroup
INFO: Migrating schema "PUBLIC" to version "2 - Server discovery"
Aug 07, 2023 8:12:30 PM org.flywaydb.core.internal.command.DbMigrate doMigrateGroup
INFO: Migrating schema "PUBLIC" to version "3 - Jar symbols"
Aug 07, 2023 8:12:30 PM org.flywaydb.core.internal.command.DbMigrate doMigrateGroup
INFO: Migrating schema "PUBLIC" to version "4 - Fingerprints"
Aug 07, 2023 8:12:30 PM org.flywaydb.core.internal.command.DbMigrate logSummary
INFO: Successfully applied 4 migrations to schema "PUBLIC", now at version v4 (execution time 00:00.017s)
2023.08.07 20:12:31 INFO  time: initialize in 0.69s
2023.08.07 20:12:36 INFO  Running List(C:\Users\Lakmitha\AppData\Local\Coursier\data\bin\scala-cli.BAT, setup-ide, D:\Campus\Year 2\Semester 1\Functional Programming\Tutorials\8)
2023.08.07 20:12:36 INFO  Attempting to connect to the build server...
2023.08.07 20:12:36 INFO  Running BSP server List(C:\Users\Lakmitha\AppData\Local\Coursier\data\bin\.scala-cli.aux.exe, bsp, --json-options, D:\Campus\Year 2\Semester 1\Functional Programming\Tutorials\8\.scala-build\ide-options-v2.json, D:\Campus\Year 2\Semester 1\Functional Programming\Tutorials\8)
2023.08.07 20:12:36 WARN  No build session currently active to reload.
2023.08.07 20:12:36 INFO  tracing is disabled for protocol BSP, to enable tracing of incoming and outgoing JSON messages create an empty file at D:\Campus\Year 2\Semester 1\Functional Programming\Tutorials\8\.metals\bsp.trace.json or C:\Users\Lakmitha\AppData\Local\scalameta\metals\cache\bsp.trace.json
2023.08.07 20:12:36 INFO  no build target found for D:\Campus\Year 2\Semester 1\Functional Programming\Tutorials\8\main.scala. Using presentation compiler with project's scala-library version: 3.3.0
2023.08.07 20:12:38 INFO  BSP server: Checking https://github.com/coursier/jvm-index/raw/master/index.json
2023.08.07 20:12:38 INFO  BSP server: Checked https://github.com/coursier/jvm-index/raw/master/index.json
2023.08.07 20:12:38 INFO  BSP server: Downloading https://github.com/coursier/jvm-index/raw/master/index.json
2023.08.07 20:12:38 INFO  time: code lens generation in 6.58s
2023.08.07 20:12:39 INFO  BSP server: Downloaded https://github.com/coursier/jvm-index/raw/master/index.json
2023.08.07 20:12:39 INFO  BSP server: Starting compilation server
2023.08.07 20:12:46 INFO  BSP server: Checking https://repo1.maven.org/maven2/org/scala-lang/scala-library/
2023.08.07 20:12:46 INFO  BSP server: Checked https://repo1.maven.org/maven2/org/scala-lang/scala-library/
2023.08.07 20:12:46 INFO  BSP server: Checking https://repo1.maven.org/maven2/org/scala-lang/scala-library/maven-metadata.xml
2023.08.07 20:12:46 INFO  BSP server: Checked https://repo1.maven.org/maven2/org/scala-lang/scala-library/maven-metadata.xml
2023.08.07 20:12:46 INFO  BSP server: Checking https://repo1.maven.org/maven2/org/scala-lang/scala3-library_3/
2023.08.07 20:12:46 INFO  BSP server: Checked https://repo1.maven.org/maven2/org/scala-lang/scala3-library_3/
2023.08.07 20:12:46 INFO  BSP server: Downloading https://repo1.maven.org/maven2/org/scala-lang/scala3-library_3/
2023.08.07 20:12:47 INFO  BSP server: Downloaded https://repo1.maven.org/maven2/org/scala-lang/scala3-library_3/
2023.08.07 20:12:47 INFO  BSP server: Checking https://repo1.maven.org/maven2/org/scala-lang/scala3-library_3/maven-metadata.xml
2023.08.07 20:12:47 INFO  BSP server: Checked https://repo1.maven.org/maven2/org/scala-lang/scala3-library_3/maven-metadata.xml
2023.08.07 20:12:47 INFO  BSP server: Downloading https://repo1.maven.org/maven2/org/scala-lang/scala3-library_3/maven-metadata.xml
2023.08.07 20:12:47 INFO  BSP server: Downloaded https://repo1.maven.org/maven2/org/scala-lang/scala3-library_3/maven-metadata.xml
2023.08.07 20:12:48 INFO  time: Connected to build server in 12s
2023.08.07 20:12:48 INFO  Connected to Build server: scala-cli v1.0.0
2023.08.07 20:12:48 INFO  time: Imported build in 0.24s
2023.08.07 20:12:49 INFO  no build target found for D:\Campus\Year 2\Semester 1\Functional Programming\Tutorials\8\main.scala. Using presentation compiler with project's scala-library version: 3.3.0
2023.08.07 20:12:49 INFO  compiling project_bd2c96d2de (1 scala source)
2023.08.07 20:12:49 INFO  time: indexed workspace in 0.91s
2023.08.07 20:12:51 INFO  time: compiled project_bd2c96d2de in 2.03s
2023.08.07 20:12:54 INFO  compiling project_bd2c96d2de (1 scala source)
2023.08.07 20:12:55 INFO  time: compiled project_bd2c96d2de in 1.02s
Aug 07, 2023 8:14:13 PM org.eclipse.lsp4j.jsonrpc.RemoteEndpoint handleCancellation
WARNING: Unmatched cancel notification for request id 137
2023.08.07 20:14:29 INFO  compiling project_bd2c96d2de (1 scala source)
2023.08.07 20:14:29 INFO  time: compiled project_bd2c96d2de in 0.25s
2023.08.07 20:15:10 INFO  compiling project_bd2c96d2de (1 scala source)
2023.08.07 20:15:10 INFO  time: compiled project_bd2c96d2de in 84ms
2023.08.07 20:15:12 INFO  compiling project_bd2c96d2de (1 scala source)
2023.08.07 20:15:12 INFO  time: compiled project_bd2c96d2de in 86ms
2023.08.07 20:15:14 INFO  compiling project_bd2c96d2de (1 scala source)
2023.08.07 20:15:14 INFO  time: compiled project_bd2c96d2de in 0.37s
2023.08.07 20:17:13 INFO  compiling project_bd2c96d2de (1 scala source)
2023.08.07 20:17:13 INFO  time: compiled project_bd2c96d2de in 0.2s
2023.08.07 20:17:19 INFO  compiling project_bd2c96d2de (1 scala source)
2023.08.07 20:17:19 INFO  time: compiled project_bd2c96d2de in 0.12s
2023.08.07 20:17:30 INFO  compiling project_bd2c96d2de (1 scala source)
2023.08.07 20:17:30 INFO  time: compiled project_bd2c96d2de in 0.2s
2023.08.07 20:18:16 INFO  compiling project_bd2c96d2de (1 scala source)
2023.08.07 20:18:16 INFO  time: compiled project_bd2c96d2de in 0.46s
2023.08.07 20:18:33 INFO  compiling project_bd2c96d2de (1 scala source)
2023.08.07 20:18:33 INFO  time: compiled project_bd2c96d2de in 0.58s
2023.08.07 20:18:47 INFO  compiling project_bd2c96d2de (1 scala source)
2023.08.07 20:18:47 INFO  time: compiled project_bd2c96d2de in 0.11s
2023.08.07 20:19:13 INFO  compiling project_bd2c96d2de (1 scala source)
2023.08.07 20:19:13 INFO  time: compiled project_bd2c96d2de in 0.11s
2023.08.07 20:19:17 INFO  compiling project_bd2c96d2de (1 scala source)
2023.08.07 20:19:17 INFO  time: compiled project_bd2c96d2de in 0.12s
2023.08.07 20:19:25 INFO  compiling project_bd2c96d2de (1 scala source)
2023.08.07 20:19:25 INFO  time: compiled project_bd2c96d2de in 0.28s
2023.08.07 20:20:07 INFO  compiling project_bd2c96d2de (1 scala source)
2023.08.07 20:20:07 INFO  time: compiled project_bd2c96d2de in 0.12s
2023.08.07 20:20:20 INFO  compiling project_bd2c96d2de (1 scala source)
2023.08.07 20:20:20 INFO  time: compiled project_bd2c96d2de in 99ms
2023.08.07 20:21:10 INFO  compiling project_bd2c96d2de (1 scala source)
2023.08.07 20:21:10 INFO  time: compiled project_bd2c96d2de in 0.23s
2023.08.07 20:21:53 INFO  compiling project_bd2c96d2de (1 scala source)
2023.08.07 20:21:53 INFO  time: compiled project_bd2c96d2de in 83ms
2023.08.07 20:21:56 INFO  compiling project_bd2c96d2de (1 scala source)
2023.08.07 20:21:56 INFO  time: compiled project_bd2c96d2de in 0.23s
2023.08.07 20:22:44 INFO  compiling project_bd2c96d2de (1 scala source)
2023.08.07 20:22:44 INFO  time: compiled project_bd2c96d2de in 0.29s
2023.08.07 20:23:04 INFO  compiling project_bd2c96d2de (1 scala source)
2023.08.07 20:23:04 INFO  Deduplicating compilation of project_bd2c96d2de from bsp client 'scala-cli 1.0.0' (since 10m 19.042s)
2023.08.07 20:23:04 INFO  compiling project_bd2c96d2de (1 scala source)
2023.08.07 20:23:04 INFO  time: compiled project_bd2c96d2de in 0.4s
2023.08.07 20:23:17 WARN  Could not load snapshot text for D:\Campus\Year 2\Semester 1\Functional Programming\Tutorials\8\main.scala
2023.08.07 20:23:17 INFO  compiling project_bd2c96d2de (1 scala source)
2023.08.07 20:23:17 INFO  time: compiled project_bd2c96d2de in 0.21s
2023.08.07 20:23:19 INFO  compiling project_bd2c96d2de (1 scala source)
2023.08.07 20:23:19 INFO  time: compiled project_bd2c96d2de in 0.19s
2023.08.07 20:23:33 INFO  compiling project_bd2c96d2de (1 scala source)
2023.08.07 20:23:33 INFO  time: compiled project_bd2c96d2de in 0.17s
2023.08.07 20:23:37 INFO  compiling project_bd2c96d2de (1 scala source)
2023.08.07 20:23:37 INFO  time: compiled project_bd2c96d2de in 0.18s
2023.08.07 20:23:38 INFO  compiling project_bd2c96d2de (1 scala source)
2023.08.07 20:23:38 INFO  time: compiled project_bd2c96d2de in 0.2s
2023.08.07 20:26:44 INFO  compiling project_bd2c96d2de (1 scala source)
2023.08.07 20:26:44 INFO  time: compiled project_bd2c96d2de in 0.11s
2023.08.07 20:26:47 INFO  compiling project_bd2c96d2de (1 scala source)
2023.08.07 20:26:47 INFO  time: compiled project_bd2c96d2de in 98ms
2023.08.07 20:27:16 INFO  compiling project_bd2c96d2de (1 scala source)
2023.08.07 20:27:16 INFO  time: compiled project_bd2c96d2de in 0.19s
2023.08.07 20:27:17 INFO  compiling project_bd2c96d2de (1 scala source)
2023.08.07 20:27:17 INFO  time: compiled project_bd2c96d2de in 0.21s
2023.08.07 20:27:38 WARN  Could not load snapshot text for D:\Campus\Year 2\Semester 1\Functional Programming\Tutorials\8\main.scala
2023.08.07 20:27:38 WARN  Could not load snapshot text for D:\Campus\Year 2\Semester 1\Functional Programming\Tutorials\8\main.scala
2023.08.07 20:27:38 INFO  compiling project_bd2c96d2de (1 scala source)
2023.08.07 20:27:39 INFO  time: compiled project_bd2c96d2de in 1.01s
2023.08.07 20:28:18 INFO  compiling project_bd2c96d2de (1 scala source)
2023.08.07 20:28:18 INFO  time: compiled project_bd2c96d2de in 0.19s
2023.08.07 20:28:49 INFO  compiling project_bd2c96d2de (1 scala source)
2023.08.07 20:28:49 INFO  time: compiled project_bd2c96d2de in 79ms
2023.08.07 20:30:36 INFO  compiling project_bd2c96d2de (1 scala source)
2023.08.07 20:30:36 INFO  time: compiled project_bd2c96d2de in 0.26s
Aug 07, 2023 8:30:43 PM scala.meta.internal.pc.CompilerAccess handleError
SEVERE: A severe compiler error occurred, full details of the error can be found in the error report D:\Campus\Year 2\Semester 1\Functional Programming\Tutorials\8\.metals\.reports\metals-full\r_compiler-error_1691420443399
Aug 07, 2023 8:30:43 PM scala.meta.internal.pc.CompilerAccess handleError
SEVERE: A severe compiler error occurred, full details of the error can be found in the error report D:\Campus\Year 2\Semester 1\Functional Programming\Tutorials\8\.metals\.reports\metals-full\r_compiler-error_1691420443651
2023.08.07 20:30:55 INFO  compiling project_bd2c96d2de (1 scala source)
2023.08.07 20:30:55 INFO  time: compiled project_bd2c96d2de in 0.2s
2023.08.07 20:30:59 INFO  compiling project_bd2c96d2de (1 scala source)
2023.08.07 20:30:59 INFO  time: compiled project_bd2c96d2de in 67ms
2023.08.07 20:30:59 WARN  Could not load snapshot text for D:\Campus\Year 2\Semester 1\Functional Programming\Tutorials\8\main.scala
2023.08.07 20:30:59 WARN  Could not load snapshot text for D:\Campus\Year 2\Semester 1\Functional Programming\Tutorials\8\main.scala
2023.08.07 20:30:59 WARN  Using indexes to guess the definition of filterEvenNumbers
2023.08.07 20:30:59 WARN  Could not load snapshot text for D:\Campus\Year 2\Semester 1\Functional Programming\Tutorials\8\main.scala
2023.08.07 20:31:03 WARN  Could not load snapshot text for D:\Campus\Year 2\Semester 1\Functional Programming\Tutorials\8\main.scala
2023.08.07 20:31:03 WARN  Could not load snapshot text for D:\Campus\Year 2\Semester 1\Functional Programming\Tutorials\8\main.scala
2023.08.07 20:31:03 INFO  compiling project_bd2c96d2de (1 scala source)
2023.08.07 20:31:03 WARN  Could not load snapshot text for D:\Campus\Year 2\Semester 1\Functional Programming\Tutorials\8\main.scala
2023.08.07 20:31:03 WARN  Could not load snapshot text for D:\Campus\Year 2\Semester 1\Functional Programming\Tutorials\8\main.scala
2023.08.07 20:31:03 INFO  time: compiled project_bd2c96d2de in 0.2s
2023.08.07 20:35:43 INFO  compiling project_bd2c96d2de (1 scala source)
2023.08.07 20:35:43 INFO  time: compiled project_bd2c96d2de in 0.55s
2023.08.07 20:35:51 INFO  compiling project_bd2c96d2de (1 scala source)
2023.08.07 20:35:51 WARN  Could not load snapshot text for D:\Campus\Year 2\Semester 1\Functional Programming\Tutorials\8\main.scala
2023.08.07 20:35:51 WARN  Could not load snapshot text for D:\Campus\Year 2\Semester 1\Functional Programming\Tutorials\8\main.scala
2023.08.07 20:35:51 INFO  time: compiled project_bd2c96d2de in 0.25s
Aug 07, 2023 8:35:53 PM org.eclipse.lsp4j.jsonrpc.RemoteEndpoint handleCancellation
WARNING: Unmatched cancel notification for request id 1623
2023.08.07 20:35:57 INFO  compiling project_bd2c96d2de (1 scala source)
2023.08.07 20:35:57 INFO  time: compiled project_bd2c96d2de in 0.28s
2023.08.07 20:36:34 INFO  compiling project_bd2c96d2de (1 scala source)
2023.08.07 20:36:34 INFO  time: compiled project_bd2c96d2de in 0.15s
2023.08.07 20:37:27 INFO  compiling project_bd2c96d2de (1 scala source)
2023.08.07 20:37:27 INFO  time: compiled project_bd2c96d2de in 0.27s
2023.08.07 20:37:29 INFO  compiling project_bd2c96d2de (1 scala source)
2023.08.07 20:37:29 INFO  time: compiled project_bd2c96d2de in 0.25s
2023.08.07 20:38:34 INFO  compiling project_bd2c96d2de (1 scala source)
2023.08.07 20:38:34 INFO  time: compiled project_bd2c96d2de in 0.11s
2023.08.07 20:38:43 INFO  compiling project_bd2c96d2de (1 scala source)
2023.08.07 20:38:43 INFO  time: compiled project_bd2c96d2de in 0.12s
2023.08.07 20:39:19 INFO  compiling project_bd2c96d2de (1 scala source)
2023.08.07 20:39:19 INFO  time: compiled project_bd2c96d2de in 91ms
Aug 07, 2023 8:39:27 PM org.eclipse.lsp4j.jsonrpc.RemoteEndpoint handleCancellation
WARNING: Unmatched cancel notification for request id 2014
2023.08.07 20:39:32 INFO  compiling project_bd2c96d2de (1 scala source)
2023.08.07 20:39:32 INFO  time: compiled project_bd2c96d2de in 80ms
2023.08.07 20:39:37 INFO  compiling project_bd2c96d2de (1 scala source)
2023.08.07 20:39:37 INFO  time: compiled project_bd2c96d2de in 76ms
2023.08.07 20:40:01 INFO  compiling project_bd2c96d2de (1 scala source)
2023.08.07 20:40:01 INFO  time: compiled project_bd2c96d2de in 79ms
2023.08.07 20:40:17 INFO  compiling project_bd2c96d2de (1 scala source)
2023.08.07 20:40:17 INFO  time: compiled project_bd2c96d2de in 0.1s
2023.08.07 20:45:05 INFO  compiling project_bd2c96d2de (1 scala source)
2023.08.07 20:45:05 INFO  time: compiled project_bd2c96d2de in 0.28s
2023.08.07 20:45:21 INFO  compiling project_bd2c96d2de (1 scala source)
2023.08.07 20:45:21 INFO  time: compiled project_bd2c96d2de in 0.22s
2023.08.07 20:46:14 INFO  compiling project_bd2c96d2de (1 scala source)
2023.08.07 20:46:14 INFO  time: compiled project_bd2c96d2de in 0.3s
2023.08.07 20:46:18 INFO  compiling project_bd2c96d2de (1 scala source)
2023.08.07 20:46:18 INFO  time: compiled project_bd2c96d2de in 0.22s
2023.08.07 20:46:20 INFO  compiling project_bd2c96d2de (1 scala source)
2023.08.07 20:46:20 INFO  time: compiled project_bd2c96d2de in 0.26s
2023.08.07 20:47:00 INFO  compiling project_bd2c96d2de (1 scala source)
2023.08.07 20:47:00 INFO  time: compiled project_bd2c96d2de in 0.25s
2023.08.07 20:47:18 INFO  compiling project_bd2c96d2de (1 scala source)
2023.08.07 20:47:18 INFO  time: compiled project_bd2c96d2de in 0.19s
2023.08.07 20:47:20 INFO  compiling project_bd2c96d2de (1 scala source)
2023.08.07 20:47:20 INFO  time: compiled project_bd2c96d2de in 0.21s
2023.08.07 20:47:41 INFO  compiling project_bd2c96d2de (1 scala source)
2023.08.07 20:47:41 INFO  time: compiled project_bd2c96d2de in 0.19s
2023.08.07 20:48:29 INFO  compiling project_bd2c96d2de (1 scala source)
2023.08.07 20:48:29 INFO  time: compiled project_bd2c96d2de in 0.23s
2023.08.07 20:48:30 INFO  compiling project_bd2c96d2de (1 scala source)
2023.08.07 20:48:30 INFO  time: compiled project_bd2c96d2de in 0.23s
2023.08.07 20:48:46 INFO  compiling project_bd2c96d2de (1 scala source)
2023.08.07 20:48:46 INFO  time: compiled project_bd2c96d2de in 0.2s
2023.08.07 20:48:49 INFO  compiling project_bd2c96d2de (1 scala source)
2023.08.07 20:48:49 INFO  time: compiled project_bd2c96d2de in 0.22s
2023.08.07 20:49:16 INFO  compiling project_bd2c96d2de (1 scala source)
2023.08.07 20:49:16 INFO  time: compiled project_bd2c96d2de in 0.19s
2023.08.07 20:49:22 INFO  compiling project_bd2c96d2de (1 scala source)
2023.08.07 20:49:22 INFO  time: compiled project_bd2c96d2de in 0.19s
2023.08.07 20:57:52 INFO  compiling project_bd2c96d2de (1 scala source)
2023.08.07 20:57:52 INFO  time: compiled project_bd2c96d2de in 0.22s
2023.08.07 20:58:27 INFO  compiling project_bd2c96d2de (1 scala source)
2023.08.07 20:58:27 INFO  time: compiled project_bd2c96d2de in 0.12s
2023.08.07 20:58:33 INFO  compiling project_bd2c96d2de (1 scala source)
2023.08.07 20:58:33 INFO  time: compiled project_bd2c96d2de in 0.21s
2023.08.07 20:58:53 INFO  compiling project_bd2c96d2de (1 scala source)
2023.08.07 20:58:53 INFO  time: compiled project_bd2c96d2de in 96ms
2023.08.07 20:59:03 INFO  compiling project_bd2c96d2de (1 scala source)
2023.08.07 20:59:03 INFO  time: compiled project_bd2c96d2de in 92ms
2023.08.07 20:59:10 INFO  compiling project_bd2c96d2de (1 scala source)
2023.08.07 20:59:10 INFO  time: compiled project_bd2c96d2de in 0.2s
2023.08.07 20:59:22 INFO  compiling project_bd2c96d2de (1 scala source)
2023.08.07 20:59:22 INFO  time: compiled project_bd2c96d2de in 0.18s
2023.08.07 20:59:30 INFO  compiling project_bd2c96d2de (1 scala source)
2023.08.07 20:59:30 INFO  time: compiled project_bd2c96d2de in 0.18s
2023.08.07 20:59:57 INFO  compiling project_bd2c96d2de (1 scala source)
2023.08.07 20:59:57 INFO  time: compiled project_bd2c96d2de in 64ms
2023.08.07 20:59:57 INFO  compiling project_bd2c96d2de (1 scala source)
2023.08.07 20:59:58 INFO  time: compiled project_bd2c96d2de in 62ms
2023.08.07 21:01:06 INFO  compiling project_bd2c96d2de (1 scala source)
2023.08.07 21:01:06 INFO  time: compiled project_bd2c96d2de in 0.29s
2023.08.07 21:03:30 INFO  compiling project_bd2c96d2de (1 scala source)
2023.08.07 21:03:30 INFO  time: compiled project_bd2c96d2de in 0.3s
2023.08.07 21:04:09 INFO  compiling project_bd2c96d2de (1 scala source)
2023.08.07 21:04:09 INFO  time: compiled project_bd2c96d2de in 0.2s
2023.08.07 21:04:45 INFO  compiling project_bd2c96d2de (1 scala source)
2023.08.07 21:04:45 INFO  time: compiled project_bd2c96d2de in 0.28s
2023.08.07 21:05:02 WARN  Could not load snapshot text for D:\Campus\Year 2\Semester 1\Functional Programming\Tutorials\8\main.scala
2023.08.07 21:05:02 WARN  Could not load snapshot text for D:\Campus\Year 2\Semester 1\Functional Programming\Tutorials\8\main.scala
2023.08.07 21:05:02 INFO  compiling project_bd2c96d2de (1 scala source)
2023.08.07 21:05:02 INFO  time: compiled project_bd2c96d2de in 0.19s
2023.08.07 21:05:24 INFO  compiling project_bd2c96d2de (1 scala source)
2023.08.07 21:05:24 INFO  time: compiled project_bd2c96d2de in 0.19s
2023.08.07 21:06:04 INFO  compiling project_bd2c96d2de (1 scala source)
2023.08.07 21:06:04 INFO  time: compiled project_bd2c96d2de in 0.11s
2023.08.07 21:07:08 INFO  compiling project_bd2c96d2de (1 scala source)
2023.08.07 21:07:08 INFO  time: compiled project_bd2c96d2de in 75ms
2023.08.07 21:07:16 INFO  compiling project_bd2c96d2de (1 scala source)
2023.08.07 21:07:16 INFO  time: compiled project_bd2c96d2de in 0.21s
2023.08.07 21:07:36 INFO  compiling project_bd2c96d2de (1 scala source)
2023.08.07 21:07:36 INFO  time: compiled project_bd2c96d2de in 0.2s
2023.08.07 21:07:51 INFO  compiling project_bd2c96d2de (1 scala source)
2023.08.07 21:07:51 INFO  time: compiled project_bd2c96d2de in 0.18s
2023.08.07 21:08:04 INFO  compiling project_bd2c96d2de (1 scala source)
2023.08.07 21:08:04 INFO  Deduplicating compilation of project_bd2c96d2de from bsp client 'scala-cli 1.0.0' (since 55m 19.055s)
2023.08.07 21:08:04 INFO  compiling project_bd2c96d2de (1 scala source)
2023.08.07 21:08:04 INFO  time: compiled project_bd2c96d2de in 77ms
2023.08.07 21:08:21 INFO  compiling project_bd2c96d2de (1 scala source)
2023.08.07 21:08:21 INFO  time: compiled project_bd2c96d2de in 0.2s
2023.08.07 21:08:24 INFO  compiling project_bd2c96d2de (1 scala source)
2023.08.07 21:08:24 INFO  time: compiled project_bd2c96d2de in 0.17s
2023.08.07 21:10:50 INFO  compiling project_bd2c96d2de (1 scala source)
2023.08.07 21:10:50 INFO  time: compiled project_bd2c96d2de in 0.21s
2023.08.07 21:11:14 INFO  compiling project_bd2c96d2de (1 scala source)
2023.08.07 21:11:14 INFO  time: compiled project_bd2c96d2de in 0.18s
2023.08.07 21:11:22 INFO  compiling project_bd2c96d2de (1 scala source)
2023.08.07 21:11:22 INFO  time: compiled project_bd2c96d2de in 0.16s
2023.08.07 21:11:23 INFO  compiling project_bd2c96d2de (1 scala source)
2023.08.07 21:11:23 INFO  time: compiled project_bd2c96d2de in 0.19s
2023.08.07 21:11:28 INFO  compiling project_bd2c96d2de (1 scala source)
2023.08.07 21:11:28 INFO  time: compiled project_bd2c96d2de in 0.21s
2023.08.07 21:11:29 INFO  compiling project_bd2c96d2de (1 scala source)
2023.08.07 21:11:29 INFO  time: compiled project_bd2c96d2de in 0.16s
2023.08.07 21:12:51 INFO  Shutting down server
2023.08.07 21:12:51 INFO  shutting down Metals
2023.08.07 21:12:51 INFO  Shut down connection with build server.
2023.08.07 21:12:51 INFO  Exiting server
2023.08.08 13:18:21 INFO  Started: Metals version 1.0.0 in folders 'D:\Campus\Year 2\Semester 1\Functional Programming\Tutorials\8' for client Visual Studio Code 1.81.0.
Aug 08, 2023 1:18:21 PM org.flywaydb.core.internal.license.VersionPrinter printVersionOnly
INFO: Flyway Community Edition 9.20.1 by Redgate
Aug 08, 2023 1:18:21 PM org.flywaydb.core.internal.license.VersionPrinter printVersion
INFO: See release notes here: https://rd.gt/416ObMi
Aug 08, 2023 1:18:21 PM org.flywaydb.core.internal.license.VersionPrinter printVersion
INFO: 
Aug 08, 2023 1:18:21 PM org.flywaydb.core.internal.database.base.BaseDatabaseType createDatabase
INFO: Database: jdbc:h2:file:D:\Campus\Year 2\Semester 1\Functional Programming\Tutorials\8\.metals\metals (H2 2.1)
Aug 08, 2023 1:18:21 PM org.flywaydb.core.internal.command.DbValidate validate
INFO: Successfully validated 4 migrations (execution time 00:00.021s)
Aug 08, 2023 1:18:21 PM org.flywaydb.core.internal.command.DbMigrate migrateGroup
INFO: Current version of schema "PUBLIC": 4
Aug 08, 2023 1:18:21 PM org.flywaydb.core.internal.command.DbMigrate logSummary
INFO: Schema "PUBLIC" is up to date. No migration necessary.
2023.08.08 13:18:21 INFO  time: initialize in 0.55s
2023.08.08 13:18:22 INFO  Attempting to connect to the build server...
2023.08.08 13:18:22 INFO  Running BSP server List(C:\Users\Lakmitha\AppData\Local\Coursier\data\bin\.scala-cli.aux.exe, bsp, --json-options, D:\Campus\Year 2\Semester 1\Functional Programming\Tutorials\8\.scala-build\ide-options-v2.json, D:\Campus\Year 2\Semester 1\Functional Programming\Tutorials\8)
2023.08.08 13:18:21 INFO  tracing is disabled for protocol BSP, to enable tracing of incoming and outgoing JSON messages create an empty file at D:\Campus\Year 2\Semester 1\Functional Programming\Tutorials\8\.metals\bsp.trace.json or C:\Users\Lakmitha\AppData\Local\scalameta\metals\cache\bsp.trace.json
2023.08.08 13:18:22 WARN  No build session currently active to reload.
2023.08.08 13:18:23 INFO  BSP server: Starting compilation server
2023.08.08 13:18:24 INFO  no build target found for D:\Campus\Year 2\Semester 1\Functional Programming\Tutorials\8\main.scala. Using presentation compiler with project's scala-library version: 3.3.0
2023.08.08 13:18:26 INFO  time: code lens generation in 3.54s
2023.08.08 13:18:30 INFO  time: Connected to build server in 7.44s
2023.08.08 13:18:30 INFO  Connected to Build server: scala-cli v1.0.0
2023.08.08 13:18:30 INFO  time: Imported build in 0.13s
2023.08.08 13:18:31 INFO  time: indexed workspace in 1s
2023.08.08 13:18:37 INFO  compiling project_bd2c96d2de (1 scala source)
2023.08.08 13:18:37 INFO  time: compiled project_bd2c96d2de in 0.89s
2023.08.08 13:18:53 INFO  Shutting down server
2023.08.08 13:18:53 INFO  shutting down Metals
2023.08.08 13:18:53 INFO  Shut down connection with build server.
2023.08.08 13:18:53 INFO  Exiting server
2023.08.11 14:49:49 INFO  Started: Metals version 1.0.0 in folders 'D:\Campus\Year 2\Semester 1\Functional Programming\Tutorials\8' for client Visual Studio Code 1.81.1.
Aug 11, 2023 2:49:49 PM org.flywaydb.core.internal.license.VersionPrinter printVersionOnly
INFO: Flyway Community Edition 9.20.1 by Redgate
Aug 11, 2023 2:49:49 PM org.flywaydb.core.internal.license.VersionPrinter printVersion
INFO: See release notes here: https://rd.gt/416ObMi
Aug 11, 2023 2:49:49 PM org.flywaydb.core.internal.license.VersionPrinter printVersion
INFO: 
Aug 11, 2023 2:49:49 PM org.flywaydb.core.internal.database.base.BaseDatabaseType createDatabase
INFO: Database: jdbc:h2:file:D:\Campus\Year 2\Semester 1\Functional Programming\Tutorials\8\.metals\metals (H2 2.1)
Aug 11, 2023 2:49:50 PM org.flywaydb.core.internal.command.DbValidate validate
INFO: Successfully validated 4 migrations (execution time 00:00.034s)
Aug 11, 2023 2:49:50 PM org.flywaydb.core.internal.command.DbMigrate migrateGroup
INFO: Current version of schema "PUBLIC": 4
Aug 11, 2023 2:49:50 PM org.flywaydb.core.internal.command.DbMigrate logSummary
INFO: Schema "PUBLIC" is up to date. No migration necessary.
2023.08.11 14:49:50 INFO  time: initialize in 0.93s
2023.08.11 14:49:51 INFO  Attempting to connect to the build server...
2023.08.11 14:49:51 INFO  Running BSP server List(C:\Users\Lakmitha\AppData\Local\Coursier\data\bin\.scala-cli.aux.exe, bsp, --json-options, D:\Campus\Year 2\Semester 1\Functional Programming\Tutorials\8\.scala-build\ide-options-v2.json, D:\Campus\Year 2\Semester 1\Functional Programming\Tutorials\8)
2023.08.11 14:49:51 INFO  tracing is disabled for protocol BSP, to enable tracing of incoming and outgoing JSON messages create an empty file at D:\Campus\Year 2\Semester 1\Functional Programming\Tutorials\8\.metals\bsp.trace.json or C:\Users\Lakmitha\AppData\Local\scalameta\metals\cache\bsp.trace.json
2023.08.11 14:49:51 WARN  No build session currently active to reload.
2023.08.11 14:49:53 INFO  BSP server: Checking https://github.com/coursier/jvm-index/raw/master/index.json
2023.08.11 14:49:53 INFO  BSP server: Checked https://github.com/coursier/jvm-index/raw/master/index.json
2023.08.11 14:49:53 INFO  BSP server: Downloading https://github.com/coursier/jvm-index/raw/master/index.json
2023.08.11 14:49:55 INFO  BSP server: Downloaded https://github.com/coursier/jvm-index/raw/master/index.json
2023.08.11 14:49:55 INFO  BSP server: Starting compilation server
2023.08.11 14:49:56 INFO  no build target found for D:\Campus\Year 2\Semester 1\Functional Programming\Tutorials\8\main.scala. Using presentation compiler with project's scala-library version: 3.3.0
2023.08.11 14:50:00 INFO  time: code lens generation in 9.33s
2023.08.11 14:50:05 INFO  BSP server: Checking https://repo1.maven.org/maven2/org/scala-lang/scala-library/
2023.08.11 14:50:05 INFO  BSP server: Checked https://repo1.maven.org/maven2/org/scala-lang/scala-library/
2023.08.11 14:50:05 INFO  BSP server: Checking https://repo1.maven.org/maven2/org/scala-lang/scala-library/maven-metadata.xml
2023.08.11 14:50:05 INFO  BSP server: Checked https://repo1.maven.org/maven2/org/scala-lang/scala-library/maven-metadata.xml
2023.08.11 14:50:06 INFO  BSP server: Checking https://repo1.maven.org/maven2/org/scala-lang/scala3-library_3/
2023.08.11 14:50:06 INFO  BSP server: Checked https://repo1.maven.org/maven2/org/scala-lang/scala3-library_3/
2023.08.11 14:50:06 INFO  BSP server: Downloading https://repo1.maven.org/maven2/org/scala-lang/scala3-library_3/
2023.08.11 14:50:06 INFO  BSP server: Downloaded https://repo1.maven.org/maven2/org/scala-lang/scala3-library_3/
2023.08.11 14:50:07 INFO  BSP server: Checking https://repo1.maven.org/maven2/org/scala-lang/scala3-library_3/maven-metadata.xml
2023.08.11 14:50:07 INFO  BSP server: Checked https://repo1.maven.org/maven2/org/scala-lang/scala3-library_3/maven-metadata.xml
2023.08.11 14:50:07 INFO  BSP server: Downloading https://repo1.maven.org/maven2/org/scala-lang/scala3-library_3/maven-metadata.xml
2023.08.11 14:50:07 INFO  BSP server: Downloaded https://repo1.maven.org/maven2/org/scala-lang/scala3-library_3/maven-metadata.xml
2023.08.11 14:50:08 INFO  time: Connected to build server in 17s
2023.08.11 14:50:08 INFO  Connected to Build server: scala-cli v1.0.0
2023.08.11 14:50:08 INFO  time: Imported build in 0.2s
2023.08.11 14:50:09 INFO  time: indexed workspace in 0.99s
2023.08.11 15:19:19 INFO  Shutting down server
2023.08.11 15:19:19 INFO  shutting down Metals
2023.08.11 15:19:19 INFO  Shut down connection with build server.
2023.08.11 15:19:19 INFO  Exiting server
